<?xml version="1.0" encoding="UTF-8"?>
<!-- Generated by org.testng.reporters.JUnitXMLReporter -->
<testsuite hostname="CSW-LIUYL2384" ignored="0" name="Command line test" tests="6" failures="1" timestamp="2020-03-16T09:26:26 SGT" time="0.041" errors="0">
  <testcase name="iosApp" time="0.004" classname="liuAppiumTutorial.AppiumTest"/>
  <testcase name="nativeAppAndroid" time="0.001" classname="liuAppiumTutorial.AppiumTest"/>
  <testcase name="deleteTwitter" time="0.001" classname="liuAppiumTutorial.RestApiTest"/>
  <testcase name="postJira" time="0.0" classname="liuAppiumTutorial.RestApiTest"/>
  <testcase name="browserAutomation" time="0.002" classname="liuAppiumTutorial.SeleniumTest">
    <failure type="java.lang.AssertionError" message="expected [2] but found [1]">
      <![CDATA[java.lang.AssertionError: expected [2] but found [1]
at liuAppiumTutorial.SeleniumTest.browserAutomation(SeleniumTest.java:12)
at java.util.ArrayList.forEach(ArrayList.java:1257)
... Removed 42 stack frames]]>
    </failure>
  </testcase> <!-- browserAutomation -->
  <testcase name="elementsUi" time="0.0" classname="liuAppiumTutorial.SeleniumTest"/>
</testsuite> <!-- Command line test -->
