<?xml version="1.0" encoding="UTF-8"?>
<!-- Generated by org.testng.reporters.JUnitXMLReporter -->
<testsuite hostname="CSW-LIUYL2384" ignored="0" name="Test" tests="4" failures="1" timestamp="2020-03-16T09:26:40 SGT" time="0.046" errors="0">
  <testcase name="browserAutomation" time="0.006" classname="liuAppiumTutorial.SeleniumTest">
    <failure type="java.lang.AssertionError" message="expected [2] but found [1]">
      <![CDATA[java.lang.AssertionError: expected [2] but found [1]
at liuAppiumTutorial.SeleniumTest.browserAutomation(SeleniumTest.java:12)
at java.util.ArrayList.forEach(ArrayList.java:1257)
... Removed 36 stack frames]]>
    </failure>
  </testcase> <!-- browserAutomation -->
  <testcase name="elementsUi" time="0.0" classname="liuAppiumTutorial.SeleniumTest"/>
  <testcase name="deleteTwitter" time="0.0" classname="liuAppiumTutorial.RestApiTest"/>
  <testcase name="postJira" time="0.001" classname="liuAppiumTutorial.RestApiTest"/>
</testsuite> <!-- Test -->
