-------------------------------------------------------------------------------
Test set: liuAppiumTutorial.SeleniumTest
-------------------------------------------------------------------------------
Tests run: 2, Failures: 1, Errors: 0, Skipped: 0, Time elapsed: 0.562 s <<< FAILURE! - in liuAppiumTutorial.SeleniumTest
liuAppiumTutorial.SeleniumTest.browserAutomation  Time elapsed: 0.013 s  <<< FAILURE!
java.lang.AssertionError: expected [2] but found [1]
	at liuAppiumTutorial.SeleniumTest.browserAutomation(SeleniumTest.java:12)

