-------------------------------------------------------------------------------
Test set: TestSuite
-------------------------------------------------------------------------------
Tests run: 4, Failures: 1, Errors: 0, Skipped: 0, Time elapsed: 0.628 s <<< FAILURE! - in TestSuite
liuAppiumTutorial.SeleniumTest.browserAutomation  Time elapsed: 0.013 s  <<< FAILURE!
java.lang.AssertionError: expected [2] but found [1]
	at liuAppiumTutorial.SeleniumTest.browserAutomation(SeleniumTest.java:12)

